<?xml version="1.0" encoding="UTF-8"?>
<testsuite name="rover.VectorTest" tests="13" skipped="0" failures="0" errors="0" timestamp="2019-08-14T05:18:27" hostname="RENTLAPT0019" time="0.095">
  <properties/>
  <testcase name="movingFromEast()" classname="rover.VectorTest" time="0.036"/>
  <testcase name="movingFromWest()" classname="rover.VectorTest" time="0.001"/>
  <testcase name="vectorCanRotateRightFromEast()" classname="rover.VectorTest" time="0.001"/>
  <testcase name="vectorCanRotateRightFromWest()" classname="rover.VectorTest" time="0.001"/>
  <testcase name="vectorCanRotateLeftFromEast()" classname="rover.VectorTest" time="0.001"/>
  <testcase name="vectorCanRotateLeftFromWest()" classname="rover.VectorTest" time="0.001"/>
  <testcase name="vectorCanRotateRightFromNorth()" classname="rover.VectorTest" time="0.003"/>
  <testcase name="vectorCanRotateRightFromSouth()" classname="rover.VectorTest" time="0.012"/>
  <testcase name="movingFromNorth()" classname="rover.VectorTest" time="0.003"/>
  <testcase name="movingFromSouth()" classname="rover.VectorTest" time="0.006"/>
  <testcase name="vectorCanRotateLeftFromNorth()" classname="rover.VectorTest" time="0.002"/>
  <testcase name="vectorCanRotateLeftFromSouth()" classname="rover.VectorTest" time="0.001"/>
  <testcase name="vectorInitializeWithStartingPosition()" classname="rover.VectorTest" time="0.001"/>
  <system-out><![CDATA[]]></system-out>
  <system-err><![CDATA[]]></system-err>
</testsuite>
